<?xml version="1.0" encoding="UTF-8"?>
<testng-results ignored="0" total="1" passed="1" failed="0" skipped="0">
  <reporter-output>
  </reporter-output>
  <suite started-at="2026-02-09T13:57:08 IST" name="Default suite" finished-at="2026-02-09T13:57:20 IST" duration-ms="11436">
    <groups>
    </groups>
    <test started-at="2026-02-09T13:57:08 IST" name="Default test" finished-at="2026-02-09T13:57:20 IST" duration-ms="11436">
      <class name="com.banking.chromefeatures.windows">
        <test-method is-config="true" signature="beforeMethod()[pri:0, instance:com.banking.chromefeatures.windows@34123d65]" started-at="2026-02-09T13:57:08 IST" name="beforeMethod" finished-at="2026-02-09T13:57:11 IST" duration-ms="2715" status="PASS">
          <reporter-output>
          </reporter-output>
        </test-method> <!-- beforeMethod -->
        <test-method signature="sampleMethod()[pri:0, instance:com.banking.chromefeatures.windows@34123d65]" started-at="2026-02-09T13:57:11 IST" name="sampleMethod" finished-at="2026-02-09T13:57:19 IST" duration-ms="8459" status="PASS">
          <reporter-output>
          </reporter-output>
        </test-method> <!-- sampleMethod -->
        <test-method is-config="true" signature="afterMethod()[pri:0, instance:com.banking.chromefeatures.windows@34123d65]" started-at="2026-02-09T13:57:19 IST" name="afterMethod" finished-at="2026-02-09T13:57:20 IST" duration-ms="224" status="PASS">
          <reporter-output>
          </reporter-output>
        </test-method> <!-- afterMethod -->
      </class> <!-- com.banking.chromefeatures.windows -->
    </test> <!-- Default test -->
  </suite> <!-- Default suite -->
</testng-results>
